<?xml version="1.0" encoding="UTF-8"?>
<Site BuildName="(empty)"
	BuildStamp="20250825-0938-Experimental"
	Name="RiSAlinux-ThinpadE560"
	Generator="ctest-4.1.0"
	CompilerName="/usr/bin/g++"
	CompilerVersion="11.4.0"
	OSName="Linux"
	Hostname="RiSAlinux-ThinpadE560"
	OSRelease="6.8.0-65-generic"
	OSVersion="#68~22.04.1-Ubuntu SMP PREEMPT_DYNAMIC Tue Jul 15 18:06:34 UTC 2"
	OSPlatform="x86_64"
	Is64Bits="1"
	VendorString="GenuineIntel"
	VendorID="Intel Corporation"
	FamilyID="6"
	ModelID="78"
	ModelName="Intel(R) Core(TM) i5-6200U CPU @ 2.30GHz"
	ProcessorCacheSize="3072"
	NumberOfLogicalCPU="4"
	NumberOfPhysicalCPU="2"
	TotalVirtualMemory="7813"
	TotalPhysicalMemory="7825"
	LogicalProcessorsPerPhysical="2"
	ProcessorClockFrequency="499.999"
	>
	<Testing>
		<StartDateTime>Aug 27 10:32 CEST</StartDateTime>
		<StartTestTime>1756283545</StartTestTime>
		<TestList/>
		<EndDateTime>Aug 27 10:32 CEST</EndDateTime>
		<EndTestTime>1756283545</EndTestTime>
		<ElapsedMinutes>0</ElapsedMinutes>
	</Testing>
</Site>
